--2022-11-24 01:42:27--  https://ftp.ncbi.nlm.nih.gov/genomes/all/GCF/001/611/955/GCF_001611955.1_ASM161195v1/GCF_001611955.1_ASM161195v1_genomic.fna.gz
Resolving ftp.ncbi.nlm.nih.gov (ftp.ncbi.nlm.nih.gov)... 130.14.250.12, 130.14.250.13, 2607:f220:41f:250::230, ...
Connecting to ftp.ncbi.nlm.nih.gov (ftp.ncbi.nlm.nih.gov)|130.14.250.12|:443... connected.
HTTP request sent, awaiting response... 200 OK
Length: 743240 (726K) [application/x-gzip]
Saving to: ‘GCF_001611955.1_ASM161195v1_genomic.fna.gz’

     0K .......... .......... .......... .......... ..........  6% 94.6K 7s
    50K .......... .......... .......... .......... .......... 13%  191K 5s
   100K .......... .......... .......... .......... .......... 20% 95.1K 5s
   150K .......... .......... .......... .......... .......... 27% 41.9M 3s
   200K .......... .......... .......... .......... .......... 34%  190K 3s
   250K .......... .......... .......... .......... .......... 41% 37.8K 4s
   300K .......... .......... .......... .......... .......... 48% 45.4M 3s
   350K .......... .......... .......... .......... .......... 55% 43.5M 2s
   400K .......... .......... .......... .......... .......... 61% 39.4M 2s
   450K .......... .......... .......... .......... .......... 68% 46.1M 1s
   500K .......... .......... .......... .......... .......... 75%  193K 1s
   550K .......... .......... .......... .......... .......... 82% 38.4M 1s
   600K .......... .......... .......... .......... .......... 89% 92.7K 0s
   650K .......... .......... .......... .......... .......... 96%  126M 0s
   700K .......... .......... .....                           100%  126M=3.7s

2022-11-24 01:42:32 (196 KB/s) - ‘GCF_001611955.1_ASM161195v1_genomic.fna.gz’ saved [743240/743240]

