--2022-11-24 01:42:32--  https://ftp.ncbi.nlm.nih.gov/genomes/all/GCF/003/812/345/GCF_003812345.1_ASM381234v1/GCF_003812345.1_ASM381234v1_genomic.fna.gz
Resolving ftp.ncbi.nlm.nih.gov (ftp.ncbi.nlm.nih.gov)... 130.14.250.12, 130.14.250.13, 2607:f220:41f:250::230, ...
Connecting to ftp.ncbi.nlm.nih.gov (ftp.ncbi.nlm.nih.gov)|130.14.250.12|:443... connected.
HTTP request sent, awaiting response... 200 OK
Length: 1520684 (1.5M) [application/x-gzip]
Saving to: ‘GCF_003812345.1_ASM381234v1_genomic.fna.gz’

     0K .......... .......... .......... .......... ..........  3% 93.7K 15s
    50K .......... .......... .......... .......... ..........  6%  188K 11s
   100K .......... .......... .......... .......... .......... 10% 36.2M 7s
   150K .......... .......... .......... .......... .......... 13% 93.8K 9s
   200K .......... .......... .......... .......... .......... 16% 38.4M 7s
   250K .......... .......... .......... .......... .......... 20%  190K 6s
   300K .......... .......... .......... .......... .......... 23% 20.4M 5s
   350K .......... .......... .......... .......... .......... 26% 94.8K 6s
   400K .......... .......... .......... .......... .......... 30% 12.3M 5s
   450K .......... .......... .......... .......... .......... 33%  188K 5s
   500K .......... .......... .......... .......... .......... 37% 63.5K 5s
   550K .......... .......... .......... .......... .......... 40% 43.0M 5s
   600K .......... .......... .......... .......... .......... 43% 40.9M 4s
   650K .......... .......... .......... .......... .......... 47% 43.6M 4s
   700K .......... .......... .......... .......... .......... 50%  190K 3s
   750K .......... .......... .......... .......... .......... 53% 40.0M 3s
   800K .......... .......... .......... .......... .......... 57% 93.8K 3s
   850K .......... .......... .......... .......... .......... 60% 45.0M 3s
   900K .......... .......... .......... .......... .......... 63% 44.3M 2s
   950K .......... .......... .......... .......... .......... 67% 94.3K 2s
  1000K .......... .......... .......... .......... .......... 70%  187K 2s
  1050K .......... .......... .......... .......... .......... 74% 36.2M 2s
  1100K .......... .......... .......... .......... .......... 77% 38.9M 1s
  1150K .......... .......... .......... .......... .......... 80% 94.6K 1s
  1200K .......... .......... .......... .......... .......... 84% 32.4M 1s
  1250K .......... .......... .......... .......... .......... 87%  192K 1s
  1300K .......... .......... .......... .......... .......... 90% 7.20M 1s
  1350K .......... .......... .......... .......... .......... 94%  188K 0s
  1400K .......... .......... .......... .......... .......... 97%  188K 0s
  1450K .......... .......... .......... .....                100% 41.4M=6.1s

2022-11-24 01:42:39 (243 KB/s) - ‘GCF_003812345.1_ASM381234v1_genomic.fna.gz’ saved [1520684/1520684]

