--2022-11-24 01:42:55--  https://ftp.ncbi.nlm.nih.gov/genomes/all/GCF/000/240/185/GCF_000240185.1_ASM24018v2/GCF_000240185.1_ASM24018v2_genomic.fna.gz
Resolving ftp.ncbi.nlm.nih.gov (ftp.ncbi.nlm.nih.gov)... 130.14.250.12, 130.14.250.13, 2607:f220:41f:250::230, ...
Connecting to ftp.ncbi.nlm.nih.gov (ftp.ncbi.nlm.nih.gov)|130.14.250.12|:443... connected.
HTTP request sent, awaiting response... 200 OK
Length: 1679403 (1.6M) [application/x-gzip]
Saving to: ‘GCF_000240185.1_ASM24018v2_genomic.fna.gz’

     0K .......... .......... .......... .......... ..........  3% 95.6K 17s
    50K .......... .......... .......... .......... ..........  6%  192K 12s
   100K .......... .......... .......... .......... ..........  9% 24.2M 8s
   150K .......... .......... .......... .......... .......... 12% 95.6K 9s
   200K .......... .......... .......... .......... .......... 15%  191K 9s
   250K .......... .......... .......... .......... .......... 18%  192K 8s
   300K .......... .......... .......... .......... .......... 21% 32.0M 7s
   350K .......... .......... .......... .......... .......... 24% 95.9K 7s
   400K .......... .......... .......... .......... .......... 27% 35.3M 6s
   450K .......... .......... .......... .......... .......... 30% 35.9M 5s
   500K .......... .......... .......... .......... .......... 33%  193K 5s
   550K .......... .......... .......... .......... .......... 36% 95.6K 5s
   600K .......... .......... .......... .......... .......... 39% 27.8M 5s
   650K .......... .......... .......... .......... .......... 42%  191K 5s
   700K .......... .......... .......... .......... .......... 45% 39.2M 4s
   750K .......... .......... .......... .......... .......... 48%  192K 4s
   800K .......... .......... .......... .......... .......... 51%  190K 4s
   850K .......... .......... .......... .......... .......... 54%  192K 3s
   900K .......... .......... .......... .......... .......... 57%  191K 3s
   950K .......... .......... .......... .......... .......... 60%  192K 3s
  1000K .......... .......... .......... .......... .......... 64%  191K 3s
  1050K .......... .......... .......... .......... .......... 67%  195K 3s
  1100K .......... .......... .......... .......... .......... 70% 6.20M 2s
  1150K .......... .......... .......... .......... .......... 73%  191K 2s
  1200K .......... .......... .......... .......... .......... 76%  192K 2s
  1250K .......... .......... .......... .......... .......... 79% 8.64M 2s
  1300K .......... .......... .......... .......... .......... 82%  194K 1s
  1350K .......... .......... .......... .......... .......... 85% 96.9K 1s
  1400K .......... .......... .......... .......... .......... 88% 37.8M 1s
  1450K .......... .......... .......... .......... .......... 91%  185K 1s
  1500K .......... .......... .......... .......... .......... 94% 41.6M 0s
  1550K .......... .......... .......... .......... .......... 97%  192K 0s
  1600K .......... .......... .......... ..........           100%  153K=7.3s

2022-11-24 01:43:03 (224 KB/s) - ‘GCF_000240185.1_ASM24018v2_genomic.fna.gz’ saved [1679403/1679403]

