--2022-11-24 01:43:30--  https://ftp.ncbi.nlm.nih.gov/genomes/all/GCF/000/191/105/GCF_000191105.1_ASM19110v1/GCF_000191105.1_ASM19110v1_genomic.fna.gz
Resolving ftp.ncbi.nlm.nih.gov (ftp.ncbi.nlm.nih.gov)... 130.14.250.12, 130.14.250.13, 2607:f220:41f:250::230, ...
Connecting to ftp.ncbi.nlm.nih.gov (ftp.ncbi.nlm.nih.gov)|130.14.250.12|:443... connected.
HTTP request sent, awaiting response... 200 OK
Length: 682106 (666K) [application/x-gzip]
Saving to: ‘GCF_000191105.1_ASM19110v1_genomic.fna.gz’

     0K .......... .......... .......... .......... ..........  7% 95.5K 6s
    50K .......... .......... .......... .......... .......... 15%  191K 4s
   100K .......... .......... .......... .......... .......... 22% 38.5M 3s
   150K .......... .......... .......... .......... .......... 30% 95.6K 3s
   200K .......... .......... .......... .......... .......... 37% 36.5M 2s
   250K .......... .......... .......... .......... .......... 45%  192K 2s
   300K .......... .......... .......... .......... .......... 52% 21.2K 4s
   350K .......... .......... .......... .......... .......... 60% 44.0M 3s
   400K .......... .......... .......... .......... .......... 67% 39.8M 2s
   450K .......... .......... .......... .......... .......... 75% 47.0M 1s
   500K .......... .......... .......... .......... .......... 82% 45.7M 1s
   550K .......... .......... .......... .......... .......... 90% 47.0M 0s
   600K .......... .......... .......... .......... .......... 97%  195K 0s
   650K .......... ......                                     100% 20.8M=4.2s

2022-11-24 01:43:35 (159 KB/s) - ‘GCF_000191105.1_ASM19110v1_genomic.fna.gz’ saved [682106/682106]

