--2022-11-24 01:43:03--  https://ftp.ncbi.nlm.nih.gov/genomes/all/GCF/000/069/965/GCF_000069965.1_ASM6996v1/GCF_000069965.1_ASM6996v1_genomic.fna.gz
Resolving ftp.ncbi.nlm.nih.gov (ftp.ncbi.nlm.nih.gov)... 130.14.250.12, 130.14.250.13, 2607:f220:41f:250::230, ...
Connecting to ftp.ncbi.nlm.nih.gov (ftp.ncbi.nlm.nih.gov)|130.14.250.12|:443... connected.
HTTP request sent, awaiting response... 200 OK
Length: 1213980 (1.2M) [application/x-gzip]
Saving to: ‘GCF_000069965.1_ASM6996v1_genomic.fna.gz’

     0K .......... .......... .......... .......... ..........  4% 94.0K 12s
    50K .......... .......... .......... .......... ..........  8%  187K 9s
   100K .......... .......... .......... .......... .......... 12% 31.2M 6s
   150K .......... .......... .......... .......... .......... 16% 93.8K 7s
   200K .......... .......... .......... .......... .......... 21% 38.3M 5s
   250K .......... .......... .......... .......... .......... 25%  187K 5s
   300K .......... .......... .......... .......... .......... 29% 94.2K 5s
   350K .......... .......... .......... .......... .......... 33% 40.5M 4s
   400K .......... .......... .......... .......... .......... 37% 33.3M 3s
   450K .......... .......... .......... .......... .......... 42% 94.9K 4s
   500K .......... .......... .......... .......... .......... 46% 42.1M 3s
   550K .......... .......... .......... .......... .......... 50%  178K 3s
   600K .......... .......... .......... .......... .......... 54%  111M 2s
   650K .......... .......... .......... .......... .......... 59%  126M 2s
   700K .......... .......... .......... .......... .......... 63%  188K 2s
   750K .......... .......... .......... .......... .......... 67%  188K 2s
   800K .......... .......... .......... .......... .......... 71%  200K 1s
   850K .......... .......... .......... .......... .......... 75% 2.69M 1s
   900K .......... .......... .......... .......... .......... 80%  188K 1s
   950K .......... .......... .......... .......... .......... 84% 18.8M 1s
  1000K .......... .......... .......... .......... .......... 88%  188K 1s
  1050K .......... .......... .......... .......... .......... 92%  189K 0s
  1100K .......... .......... .......... .......... .......... 97% 13.7M 0s
  1150K .......... .......... .......... .....                100% 69.8K=5.1s

2022-11-24 01:43:10 (234 KB/s) - ‘GCF_000069965.1_ASM6996v1_genomic.fna.gz’ saved [1213980/1213980]

