--2022-11-24 01:44:14--  https://ftp.ncbi.nlm.nih.gov/genomes/all/GCF/002/076/835/GCF_002076835.1_ASM207683v1/GCF_002076835.1_ASM207683v1_genomic.fna.gz
Resolving ftp.ncbi.nlm.nih.gov (ftp.ncbi.nlm.nih.gov)... 130.14.250.12, 130.14.250.13, 2607:f220:41f:250::230, ...
Connecting to ftp.ncbi.nlm.nih.gov (ftp.ncbi.nlm.nih.gov)|130.14.250.12|:443... connected.
HTTP request sent, awaiting response... 200 OK
Length: 629421 (615K) [application/x-gzip]
Saving to: ‘GCF_002076835.1_ASM207683v1_genomic.fna.gz’

     0K .......... .......... .......... .......... ..........  8% 94.8K 6s
    50K .......... .......... .......... .......... .......... 16%  191K 4s
   100K .......... .......... .......... .......... .......... 24% 95.6K 4s
   150K .......... .......... .......... .......... .......... 32% 17.0M 3s
   200K .......... .......... .......... .......... .......... 40%  190K 2s
   250K .......... .......... .......... .......... .......... 48% 38.5M 2s
   300K .......... .......... .......... .......... .......... 56% 95.6K 2s
   350K .......... .......... .......... .......... .......... 65% 39.6M 1s
   400K .......... .......... .......... .......... .......... 73% 25.7M 1s
   450K .......... .......... .......... .......... .......... 81%  192K 1s
   500K .......... .......... .......... .......... .......... 89% 95.7K 0s
   550K .......... .......... .......... .......... .......... 97% 19.5M 0s
   600K .......... ....                                       100% 38.0M=2.9s

2022-11-24 01:44:18 (213 KB/s) - ‘GCF_002076835.1_ASM207683v1_genomic.fna.gz’ saved [629421/629421]

