--2022-11-24 01:43:35--  https://ftp.ncbi.nlm.nih.gov/genomes/all/GCF/902/858/935/GCF_902858935.1_Ssal_L25/GCF_902858935.1_Ssal_L25_genomic.fna.gz
Resolving ftp.ncbi.nlm.nih.gov (ftp.ncbi.nlm.nih.gov)... 130.14.250.12, 130.14.250.13, 2607:f220:41f:250::230, ...
Connecting to ftp.ncbi.nlm.nih.gov (ftp.ncbi.nlm.nih.gov)|130.14.250.12|:443... connected.
HTTP request sent, awaiting response... 200 OK
Length: 642176 (627K) [application/x-gzip]
Saving to: ‘GCF_902858935.1_Ssal_L25_genomic.fna.gz’

     0K .......... .......... .......... .......... ..........  7% 95.5K 6s
    50K .......... .......... .......... .......... .......... 15%  192K 4s
   100K .......... .......... .......... .......... .......... 23% 38.0M 2s
   150K .......... .......... .......... .......... .......... 31% 95.7K 3s
   200K .......... .......... .......... .......... .......... 39% 40.9M 2s
   250K .......... .......... .......... .......... .......... 47%  192K 2s
   300K .......... .......... .......... .......... .......... 55% 95.8K 2s
   350K .......... .......... .......... .......... .......... 63% 46.0M 1s
   400K .......... .......... .......... .......... .......... 71% 35.4M 1s
   450K .......... .......... .......... .......... .......... 79%  194K 1s
   500K .......... .......... .......... .......... .......... 87% 21.1M 0s
   550K .......... .......... .......... .......... .......... 95% 96.0K 0s
   600K .......... .......... .......                         100% 36.8M=2.9s

2022-11-24 01:43:39 (218 KB/s) - ‘GCF_902858935.1_Ssal_L25_genomic.fna.gz’ saved [642176/642176]

