--2022-11-24 01:43:24--  https://ftp.ncbi.nlm.nih.gov/genomes/all/GCF/000/393/015/GCF_000393015.1_Ente_faec_T5_V1/GCF_000393015.1_Ente_faec_T5_V1_genomic.fna.gz
Resolving ftp.ncbi.nlm.nih.gov (ftp.ncbi.nlm.nih.gov)... 130.14.250.12, 130.14.250.13, 2607:f220:41f:250::230, ...
Connecting to ftp.ncbi.nlm.nih.gov (ftp.ncbi.nlm.nih.gov)|130.14.250.12|:443... connected.
HTTP request sent, awaiting response... 200 OK
Length: 845015 (825K) [application/x-gzip]
Saving to: ‘GCF_000393015.1_Ente_faec_T5_V1_genomic.fna.gz’

     0K .......... .......... .......... .......... ..........  6% 95.4K 8s
    50K .......... .......... .......... .......... .......... 12%  191K 6s
   100K .......... .......... .......... .......... .......... 18% 36.4M 4s
   150K .......... .......... .......... .......... .......... 24% 63.8K 5s
   200K .......... .......... .......... .......... .......... 30% 36.1M 4s
   250K .......... .......... .......... .......... .......... 36%  191K 3s
   300K .......... .......... .......... .......... .......... 42% 19.6M 2s
   350K .......... .......... .......... .......... .......... 48% 95.8K 3s
   400K .......... .......... .......... .......... .......... 54% 35.5M 2s
   450K .......... .......... .......... .......... .......... 60%  192K 2s
   500K .......... .......... .......... .......... .......... 66%  191K 1s
   550K .......... .......... .......... .......... .......... 72%  190K 1s
   600K .......... .......... .......... .......... .......... 78%  194K 1s
   650K .......... .......... .......... .......... .......... 84% 4.74M 1s
   700K .......... .......... .......... .......... .......... 90%  190K 0s
   750K .......... .......... .......... .......... .......... 96%  192K 0s
   800K .......... .......... .....                           100% 97.5K=4.2s

2022-11-24 01:43:30 (197 KB/s) - ‘GCF_000393015.1_Ente_faec_T5_V1_genomic.fna.gz’ saved [845015/845015]

