--2022-11-24 01:43:43--  https://ftp.ncbi.nlm.nih.gov/genomes/all/GCF/000/182/965/GCF_000182965.3_ASM18296v3/GCF_000182965.3_ASM18296v3_genomic.fna.gz
Resolving ftp.ncbi.nlm.nih.gov (ftp.ncbi.nlm.nih.gov)... 130.14.250.12, 130.14.250.13, 2607:f220:41f:250::230, ...
Connecting to ftp.ncbi.nlm.nih.gov (ftp.ncbi.nlm.nih.gov)|130.14.250.12|:443... connected.
HTTP request sent, awaiting response... 200 OK
Length: 4529362 (4.3M) [application/x-gzip]
Saving to: ‘GCF_000182965.3_ASM18296v3_genomic.fna.gz’

     0K .......... .......... .......... .......... ..........  1% 94.8K 46s
    50K .......... .......... .......... .......... ..........  2%  191K 34s
   100K .......... .......... .......... .......... ..........  3% 19.1M 23s
   150K .......... .......... .......... .......... ..........  4% 95.1K 28s
   200K .......... .......... .......... .......... ..........  5% 1.23M 23s
   250K .......... .......... .......... .......... ..........  6% 45.7M 19s
   300K .......... .......... .......... .......... ..........  7%  227K 18s
   350K .......... .......... .......... .......... ..........  9%  189K 19s
   400K .......... .......... .......... .......... .......... 10% 39.2M 16s
   450K .......... .......... .......... .......... .......... 11% 96.2K 19s
   500K .......... .......... .......... .......... .......... 12% 44.0M 17s
   550K .......... .......... .......... .......... .......... 13%  189K 17s
   600K .......... .......... .......... .......... .......... 14% 35.7M 15s
   650K .......... .......... .......... .......... .......... 15% 1.31M 14s
   700K .......... .......... .......... .......... .......... 16%  103K 15s
   750K .......... .......... .......... .......... .......... 18% 42.4M 14s
   800K .......... .......... .......... .......... .......... 19%  191K 14s
   850K .......... .......... .......... .......... .......... 20% 1.09M 14s
   900K .......... .......... .......... .......... .......... 21%  223K 13s
   950K .......... .......... .......... .......... .......... 22%  191K 14s
  1000K .......... .......... .......... .......... .......... 23%  196K 14s
  1050K .......... .......... .......... .......... .......... 24% 1.12M 13s
  1100K .......... .......... .......... .......... .......... 25%  218K 13s
  1150K .......... .......... .......... .......... .......... 27%  194K 13s
  1200K .......... .......... .......... .......... .......... 28%  192K 13s
  1250K .......... .......... .......... .......... .......... 29% 1.15M 12s
  1300K .......... .......... .......... .......... .......... 30%  219K 12s
  1350K .......... .......... .......... .......... .......... 31%  198K 12s
  1400K .......... .......... .......... .......... .......... 32% 3.96M 11s
  1450K .......... .......... .......... .......... .......... 33%  196K 11s
  1500K .......... .......... .......... .......... .......... 35% 1.36M 11s
  1550K .......... .......... .......... .......... .......... 36% 66.4K 12s
  1600K .......... .......... .......... .......... .......... 37% 36.2M 11s
  1650K .......... .......... .......... .......... .......... 38% 8.87M 11s
  1700K .......... .......... .......... .......... .......... 39%  192K 10s
  1750K .......... .......... .......... .......... .......... 40%  192K 10s
  1800K .......... .......... .......... .......... .......... 41%  191K 10s
  1850K .......... .......... .......... .......... .......... 42%  191K 10s
  1900K .......... .......... .......... .......... .......... 44% 1.25M 10s
  1950K .......... .......... .......... .......... .......... 45%  194K 10s
  2000K .......... .......... .......... .......... .......... 46%  191K 9s
  2050K .......... .......... .......... .......... .......... 47%  211K 9s
  2100K .......... .......... .......... .......... .......... 48%  196K 9s
  2150K .......... .......... .......... .......... .......... 49% 1.45M 9s
  2200K .......... .......... .......... .......... .......... 50%  215K 9s
  2250K .......... .......... .......... .......... .......... 51% 1.36M 8s
  2300K .......... .......... .......... .......... .......... 53%  220K 8s
  2350K .......... .......... .......... .......... .......... 54% 96.8K 8s
  2400K .......... .......... .......... .......... .......... 55% 4.05M 8s
  2450K .......... .......... .......... .......... .......... 56% 2.08M 8s
  2500K .......... .......... .......... .......... .......... 57%  191K 7s
  2550K .......... .......... .......... .......... .......... 58%  205K 7s
  2600K .......... .......... .......... .......... .......... 59%  191K 7s
  2650K .......... .......... .......... .......... .......... 61%  195K 7s
  2700K .......... .......... .......... .......... .......... 62%  200K 7s
  2750K .......... .......... .......... .......... .......... 63% 1.19M 6s
  2800K .......... .......... .......... .......... .......... 64%  191K 6s
  2850K .......... .......... .......... .......... .......... 65%  205K 6s
  2900K .......... .......... .......... .......... .......... 66%  207K 6s
  2950K .......... .......... .......... .......... .......... 67% 1.39M 6s
  3000K .......... .......... .......... .......... .......... 68%  207K 5s
  3050K .......... .......... .......... .......... .......... 70% 2.11M 5s
  3100K .......... .......... .......... .......... .......... 71%  103K 5s
  3150K .......... .......... .......... .......... .......... 72% 1.25M 5s
  3200K .......... .......... .......... .......... .......... 73%  141K 5s
  3250K .......... .......... .......... .......... .......... 74% 42.1M 4s
  3300K .......... .......... .......... .......... .......... 75% 95.4K 4s
  3350K .......... .......... .......... .......... .......... 76% 46.0M 4s
  3400K .......... .......... .......... .......... .......... 77% 41.8M 4s
  3450K .......... .......... .......... .......... .......... 79%  363K 4s
  3500K .......... .......... .......... .......... .......... 80%  406K 3s
  3550K .......... .......... .......... .......... .......... 81%  297K 3s
  3600K .......... .......... .......... .......... .......... 82%  197K 3s
  3650K .......... .......... .......... .......... .......... 83%  200K 3s
  3700K .......... .......... .......... .......... .......... 84%  319K 3s
  3750K .......... .......... .......... .......... .......... 85%  391K 2s
  3800K .......... .......... .......... .......... .......... 87%  206K 2s
  3850K .......... .......... .......... .......... .......... 88%  206K 2s
  3900K .......... .......... .......... .......... .......... 89% 1.24M 2s
  3950K .......... .......... .......... .......... .......... 90%  205K 2s
  4000K .......... .......... .......... .......... .......... 91%  200K 1s
  4050K .......... .......... .......... .......... .......... 92% 1.65M 1s
  4100K .......... .......... .......... .......... .......... 93%  207K 1s
  4150K .......... .......... .......... .......... .......... 94% 1.67M 1s
  4200K .......... .......... .......... .......... .......... 96%  143K 1s
  4250K .......... .......... .......... .......... .......... 97%  287K 0s
  4300K .......... .......... .......... .......... .......... 98%  385K 0s
  4350K .......... .......... .......... .......... .......... 99%  472K 0s
  4400K .......... .......... ...                             100% 1.39M=17s

2022-11-24 01:44:01 (263 KB/s) - ‘GCF_000182965.3_ASM18296v3_genomic.fna.gz’ saved [4529362/4529362]

