--2022-11-24 01:42:23--  https://ftp.ncbi.nlm.nih.gov/genomes/all/GCF/006/094/375/GCF_006094375.1_ASM609437v1/GCF_006094375.1_ASM609437v1_genomic.fna.gz
Resolving ftp.ncbi.nlm.nih.gov (ftp.ncbi.nlm.nih.gov)... 130.14.250.12, 130.14.250.13, 2607:f220:41f:250::230, ...
Connecting to ftp.ncbi.nlm.nih.gov (ftp.ncbi.nlm.nih.gov)|130.14.250.12|:443... connected.
HTTP request sent, awaiting response... 200 OK
Length: 724586 (708K) [application/x-gzip]
Saving to: ‘GCF_006094375.1_ASM609437v1_genomic.fna.gz’

     0K .......... .......... .......... .......... ..........  7% 95.1K 7s
    50K .......... .......... .......... .......... .......... 14%  191K 5s
   100K .......... .......... .......... .......... .......... 21% 29.5M 3s
   150K .......... .......... .......... .......... .......... 28% 95.1K 3s
   200K .......... .......... .......... .......... .......... 35%  190K 3s
   250K .......... .......... .......... .......... .......... 42% 45.4M 2s
   300K .......... .......... .......... .......... .......... 49%  190K 2s
   350K .......... .......... .......... .......... .......... 56% 95.2K 2s
   400K .......... .......... .......... .......... .......... 63% 34.2M 1s
   450K .......... .......... .......... .......... .......... 70% 42.3M 1s
   500K .......... .......... .......... .......... .......... 77%  193K 1s
   550K .......... .......... .......... .......... .......... 84% 19.7M 0s
   600K .......... .......... .......... .......... .......... 91% 95.4K 0s
   650K .......... .......... .......... .......... .......... 98% 40.6M 0s
   700K .......                                               100% 31.9M=3.2s

2022-11-24 01:42:27 (224 KB/s) - ‘GCF_006094375.1_ASM609437v1_genomic.fna.gz’ saved [724586/724586]

