--2022-11-24 01:42:39--  https://ftp.ncbi.nlm.nih.gov/genomes/all/GCF/003/812/925/GCF_003812925.1_ASM381292v1/GCF_003812925.1_ASM381292v1_genomic.fna.gz
Resolving ftp.ncbi.nlm.nih.gov (ftp.ncbi.nlm.nih.gov)... 130.14.250.12, 130.14.250.13, 2607:f220:41f:250::230, ...
Connecting to ftp.ncbi.nlm.nih.gov (ftp.ncbi.nlm.nih.gov)|130.14.250.12|:443... connected.
HTTP request sent, awaiting response... 200 OK
Length: 1741207 (1.7M) [application/x-gzip]
Saving to: ‘GCF_003812925.1_ASM381292v1_genomic.fna.gz’

     0K .......... .......... .......... .......... ..........  2% 94.0K 18s
    50K .......... .......... .......... .......... ..........  5%  187K 13s
   100K .......... .......... .......... .......... ..........  8% 34.9M 8s
   150K .......... .......... .......... .......... .......... 11% 93.8K 10s
   200K .......... .......... .......... .......... .......... 14% 18.5M 8s
   250K .......... .......... .......... .......... .......... 17% 45.8M 6s
   300K .......... .......... .......... .......... .......... 20% 94.3K 7s
   350K .......... .......... .......... .......... .......... 23% 45.4M 6s
   400K .......... .......... .......... .......... .......... 26%  192K 6s
   450K .......... .......... .......... .......... .......... 29% 12.6M 5s
   500K .......... .......... .......... .......... .......... 32% 94.5K 6s
   550K .......... .......... .......... .......... .......... 35% 40.9M 5s
   600K .......... .......... .......... .......... .......... 38% 18.9M 4s
   650K .......... .......... .......... .......... .......... 41%  188K 4s
   700K .......... .......... .......... .......... .......... 44% 7.45M 4s
   750K .......... .......... .......... .......... .......... 47%  187K 4s
   800K .......... .......... .......... .......... .......... 49%  188K 3s
   850K .......... .......... .......... .......... .......... 52%  190K 3s
   900K .......... .......... .......... .......... .......... 55%  189K 3s
   950K .......... .......... .......... .......... .......... 58% 7.22M 3s
  1000K .......... .......... .......... .......... .......... 61%  188K 3s
  1050K .......... .......... .......... .......... .......... 64%  190K 2s
  1100K .......... .......... .......... .......... .......... 67% 1.07M 2s
  1150K .......... .......... .......... .......... .......... 70%  223K 2s
  1200K .......... .......... .......... .......... .......... 73%  189K 2s
  1250K .......... .......... .......... .......... .......... 76%  197K 2s
  1300K .......... .......... .......... .......... .......... 79% 3.46M 1s
  1350K .......... .......... .......... .......... .......... 82% 96.3K 1s
  1400K .......... .......... .......... .......... .......... 85% 37.5M 1s
  1450K .......... .......... .......... .......... .......... 88%  186K 1s
  1500K .......... .......... .......... .......... .......... 91%  189K 1s
  1550K .......... .......... .......... .......... .......... 94%  188K 0s
  1600K .......... .......... .......... .......... .......... 97%  182K 0s
  1650K .......... .......... .......... .......... .......... 99%  196K 0s
  1700K                                                       100%  758G=7.2s

2022-11-24 01:42:47 (237 KB/s) - ‘GCF_003812925.1_ASM381292v1_genomic.fna.gz’ saved [1741207/1741207]

