--2022-11-24 01:44:10--  https://ftp.ncbi.nlm.nih.gov/genomes/all/GCF/008/330/805/GCF_008330805.1_ASM833080v1/GCF_008330805.1_ASM833080v1_genomic.fna.gz
Resolving ftp.ncbi.nlm.nih.gov (ftp.ncbi.nlm.nih.gov)... 130.14.250.12, 130.14.250.13, 2607:f220:41f:250::230, ...
Connecting to ftp.ncbi.nlm.nih.gov (ftp.ncbi.nlm.nih.gov)|130.14.250.12|:443... connected.
HTTP request sent, awaiting response... 200 OK
Length: 621151 (607K) [application/x-gzip]
Saving to: ‘GCF_008330805.1_ASM833080v1_genomic.fna.gz’

     0K .......... .......... .......... .......... ..........  8% 95.4K 6s
    50K .......... .......... .......... .......... .......... 16%  192K 4s
   100K .......... .......... .......... .......... .......... 24% 36.4M 2s
   150K .......... .......... .......... .......... .......... 32% 95.4K 3s
   200K .......... .......... .......... .......... .......... 41%  191K 2s
   250K .......... .......... .......... .......... .......... 49%  191K 2s
   300K .......... .......... .......... .......... .......... 57% 42.1M 1s
   350K .......... .......... .......... .......... .......... 65% 96.1K 1s
   400K .......... .......... .......... .......... .......... 74% 35.0M 1s
   450K .......... .......... .......... .......... .......... 82% 24.3M 1s
   500K .......... .......... .......... .......... .......... 90%  194K 0s
   550K .......... .......... .......... .......... .......... 98% 10.5M 0s
   600K ......                                                100% 29.8M=2.6s

2022-11-24 01:44:14 (232 KB/s) - ‘GCF_008330805.1_ASM833080v1_genomic.fna.gz’ saved [621151/621151]

