--2022-11-24 01:43:10--  https://ftp.ncbi.nlm.nih.gov/genomes/all/GCF/000/005/845/GCF_000005845.2_ASM584v2/GCF_000005845.2_ASM584v2_genomic.fna.gz
Resolving ftp.ncbi.nlm.nih.gov (ftp.ncbi.nlm.nih.gov)... 130.14.250.12, 130.14.250.13, 2607:f220:41f:250::230, ...
Connecting to ftp.ncbi.nlm.nih.gov (ftp.ncbi.nlm.nih.gov)|130.14.250.12|:443... connected.
HTTP request sent, awaiting response... 200 OK
Length: 1379902 (1.3M) [application/x-gzip]
Saving to: ‘GCF_000005845.2_ASM584v2_genomic.fna.gz’

     0K .......... .......... .......... .......... ..........  3% 93.8K 14s
    50K .......... .......... .......... .......... ..........  7%  188K 10s
   100K .......... .......... .......... .......... .......... 11% 94.1K 11s
   150K .......... .......... .......... .......... .......... 14% 36.5M 8s
   200K .......... .......... .......... .......... .......... 18%  188K 7s
   250K .......... .......... .......... .......... .......... 22% 37.7M 6s
   300K .......... .......... .......... .......... .......... 25% 94.2K 6s
   350K .......... .......... .......... .......... .......... 29% 41.6M 5s
   400K .......... .......... .......... .......... .......... 33% 32.3M 4s
   450K .......... .......... .......... .......... .......... 37%  189K 4s
   500K .......... .......... .......... .......... .......... 40%  190K 4s
   550K .......... .......... .......... .......... .......... 44% 11.1M 3s
   600K .......... .......... .......... .......... .......... 48%  188K 3s
   650K .......... .......... .......... .......... .......... 51%  189K 3s
   700K .......... .......... .......... .......... .......... 55% 13.0M 3s
   750K .......... .......... .......... .......... .......... 59%  188K 2s
   800K .......... .......... .......... .......... .......... 63%  188K 2s
   850K .......... .......... .......... .......... .......... 66% 1.25M 2s
   900K .......... .......... .......... .......... .......... 70%  219K 2s
   950K .......... .......... .......... .......... .......... 74%  189K 1s
  1000K .......... .......... .......... .......... .......... 77% 13.9M 1s
  1050K .......... .......... .......... .......... .......... 81%  189K 1s
  1100K .......... .......... .......... .......... .......... 85% 94.5K 1s
  1150K .......... .......... .......... .......... .......... 89% 42.5M 1s
  1200K .......... .......... .......... .......... .......... 92%  187K 0s
  1250K .......... .......... .......... .......... .......... 96%  191K 0s
  1300K .......... .......... .......... .......... .......   100% 6.91M=5.6s

2022-11-24 01:43:16 (241 KB/s) - ‘GCF_000005845.2_ASM584v2_genomic.fna.gz’ saved [1379902/1379902]

