--2022-11-24 01:42:18--  https://ftp.ncbi.nlm.nih.gov/genomes/all/GCF/009/734/005/GCF_009734005.1_ASM973400v2/GCF_009734005.1_ASM973400v2_genomic.fna.gz
Resolving ftp.ncbi.nlm.nih.gov (ftp.ncbi.nlm.nih.gov)... 130.14.250.12, 130.14.250.13, 2607:f220:41f:250::230, ...
Connecting to ftp.ncbi.nlm.nih.gov (ftp.ncbi.nlm.nih.gov)|130.14.250.12|:443... connected.
HTTP request sent, awaiting response... 200 OK
Length: 859243 (839K) [application/x-gzip]
Saving to: ‘GCF_009734005.1_ASM973400v2_genomic.fna.gz’

     0K .......... .......... .......... .......... ..........  5% 95.2K 8s
    50K .......... .......... .......... .......... .......... 11%  191K 6s
   100K .......... .......... .......... .......... .......... 17% 40.0M 4s
   150K .......... .......... .......... .......... .......... 23% 95.7K 4s
   200K .......... .......... .......... .......... .......... 29% 37.8M 3s
   250K .......... .......... .......... .......... .......... 35%  193K 3s
   300K .......... .......... .......... .......... .......... 41% 38.2K 4s
   350K .......... .......... .......... .......... .......... 47% 45.0M 3s
   400K .......... .......... .......... .......... .......... 53% 39.0M 2s
   450K .......... .......... .......... .......... .......... 59% 44.8M 2s
   500K .......... .......... .......... .......... .......... 65% 46.3M 2s
   550K .......... .......... .......... .......... .......... 71%  193K 1s
   600K .......... .......... .......... .......... .......... 77% 95.6K 1s
   650K .......... .......... .......... .......... .......... 83% 41.0M 1s
   700K .......... .......... .......... .......... .......... 89%  191K 0s
   750K .......... .......... .......... .......... .......... 95% 45.7M 0s
   800K .......... .......... .......... .........            100%  150K=4.2s

2022-11-24 01:42:23 (200 KB/s) - ‘GCF_009734005.1_ASM973400v2_genomic.fna.gz’ saved [859243/859243]

