--2022-11-24 01:44:01--  https://ftp.ncbi.nlm.nih.gov/genomes/all/GCF/000/006/765/GCF_000006765.1_ASM676v1/GCF_000006765.1_ASM676v1_genomic.fna.gz
Resolving ftp.ncbi.nlm.nih.gov (ftp.ncbi.nlm.nih.gov)... 130.14.250.12, 130.14.250.13, 2607:f220:41f:250::230, ...
Connecting to ftp.ncbi.nlm.nih.gov (ftp.ncbi.nlm.nih.gov)|130.14.250.12|:443... connected.
HTTP request sent, awaiting response... 200 OK
Length: 1787220 (1.7M) [application/x-gzip]
Saving to: ‘GCF_000006765.1_ASM676v1_genomic.fna.gz’

     0K .......... .......... .......... .......... ..........  2% 95.6K 18s
    50K .......... .......... .......... .......... ..........  5%  191K 13s
   100K .......... .......... .......... .......... ..........  8% 37.4M 8s
   150K .......... .......... .......... .......... .......... 11% 64.1K 12s
   200K .......... .......... .......... .......... .......... 14% 36.8M 9s
   250K .......... .......... .......... .......... .......... 17%  192K 9s
   300K .......... .......... .......... .......... .......... 20% 47.5K 11s
   350K .......... .......... .......... .......... .......... 22% 45.3M 10s
   400K .......... .......... .......... .......... .......... 25% 39.1M 8s
   450K .......... .......... .......... .......... .......... 28% 44.0M 7s
   500K .......... .......... .......... .......... .......... 31% 45.5M 6s
   550K .......... .......... .......... .......... .......... 34%  195K 6s
   600K .......... .......... .......... .......... .......... 37% 33.4M 5s
   650K .......... .......... .......... .......... .......... 40% 95.5K 5s
   700K .......... .......... .......... .......... .......... 42% 41.0M 5s
   750K .......... .......... .......... .......... .......... 45%  182K 5s
   800K .......... .......... .......... .......... .......... 48%  201K 4s
   850K .......... .......... .......... .......... .......... 51%  191K 4s
   900K .......... .......... .......... .......... .......... 54%  192K 4s
   950K .......... .......... .......... .......... .......... 57%  192K 4s
  1000K .......... .......... .......... .......... .......... 60%  191K 3s
  1050K .......... .......... .......... .......... .......... 63%  192K 3s
  1100K .......... .......... .......... .......... .......... 65%  192K 3s
  1150K .......... .......... .......... .......... .......... 68% 10.9M 3s
  1200K .......... .......... .......... .......... .......... 71%  192K 2s
  1250K .......... .......... .......... .......... .......... 74%  191K 2s
  1300K .......... .......... .......... .......... .......... 77%  194K 2s
  1350K .......... .......... .......... .......... .......... 80% 9.72M 2s
  1400K .......... .......... .......... .......... .......... 83% 96.4K 1s
  1450K .......... .......... .......... .......... .......... 85%  191K 1s
  1500K .......... .......... .......... .......... .......... 88% 39.6M 1s
  1550K .......... .......... .......... .......... .......... 91%  191K 1s
  1600K .......... .......... .......... .......... .......... 94%  188K 0s
  1650K .......... .......... .......... .......... .......... 97%  191K 0s
  1700K .......... .......... .......... .......... .....     100%  176K=8.4s

2022-11-24 01:44:10 (208 KB/s) - ‘GCF_000006765.1_ASM676v1_genomic.fna.gz’ saved [1787220/1787220]

