--2022-11-24 01:44:18--  https://ftp.ncbi.nlm.nih.gov/genomes/all/GCF/000/013/425/GCF_000013425.1_ASM1342v1/GCF_000013425.1_ASM1342v1_genomic.fna.gz
Resolving ftp.ncbi.nlm.nih.gov (ftp.ncbi.nlm.nih.gov)... 130.14.250.12, 130.14.250.13, 2607:f220:41f:250::230, ...
Connecting to ftp.ncbi.nlm.nih.gov (ftp.ncbi.nlm.nih.gov)|130.14.250.12|:443... connected.
HTTP request sent, awaiting response... 200 OK
Length: 820675 (801K) [application/x-gzip]
Saving to: ‘GCF_000013425.1_ASM1342v1_genomic.fna.gz’

     0K .......... .......... .......... .......... ..........  6% 99.1K 8s
    50K .......... .......... .......... .......... .......... 12%  199K 5s
   100K .......... .......... .......... .......... .......... 18% 36.4M 3s
   150K .......... .......... .......... .......... .......... 24% 99.0K 4s
   200K .......... .......... .......... .......... .......... 31% 40.7M 3s
   250K .......... .......... .......... .......... .......... 37%  100K 3s
   300K .......... .......... .......... .......... .......... 43% 9.97M 2s
   350K .......... .......... .......... .......... .......... 49%  100K 2s
   400K .......... .......... .......... .......... .......... 56%  198K 2s
   450K .......... .......... .......... .......... .......... 62% 38.1M 2s
   500K .......... .......... .......... .......... .......... 68% 43.9M 1s
   550K .......... .......... .......... .......... .......... 74%  199K 1s
   600K .......... .......... .......... .......... .......... 81%  199K 1s
   650K .......... .......... .......... .......... .......... 87% 28.1M 0s
   700K .......... .......... .......... .......... .......... 93%  199K 0s
   750K .......... .......... .......... .......... .......... 99%  200K 0s
   800K .                                                     100% 5.49M=3.5s

2022-11-24 01:44:22 (227 KB/s) - ‘GCF_000013425.1_ASM1342v1_genomic.fna.gz’ saved [820675/820675]

