--2022-11-24 01:43:16--  https://ftp.ncbi.nlm.nih.gov/genomes/all/GCF/000/008/865/GCF_000008865.2_ASM886v2/GCF_000008865.2_ASM886v2_genomic.fna.gz
Resolving ftp.ncbi.nlm.nih.gov (ftp.ncbi.nlm.nih.gov)... 130.14.250.12, 130.14.250.13, 2607:f220:41f:250::230, ...
Connecting to ftp.ncbi.nlm.nih.gov (ftp.ncbi.nlm.nih.gov)|130.14.250.12|:443... connected.
HTTP request sent, awaiting response... 200 OK
Length: 1663694 (1.6M) [application/x-gzip]
Saving to: ‘GCF_000008865.2_ASM886v2_genomic.fna.gz’

     0K .......... .......... .......... .......... ..........  3% 95.2K 17s
    50K .......... .......... .......... .......... ..........  6%  191K 12s
   100K .......... .......... .......... .......... ..........  9% 24.8M 8s
   150K .......... .......... .......... .......... .......... 12% 95.1K 9s
   200K .......... .......... .......... .......... .......... 15%  190K 9s
   250K .......... .......... .......... .......... .......... 18%  190K 8s
   300K .......... .......... .......... .......... .......... 21% 37.9M 7s
   350K .......... .......... .......... .......... .......... 24% 95.5K 7s
   400K .......... .......... .......... .......... .......... 27% 34.0M 6s
   450K .......... .......... .......... .......... .......... 30%  194K 6s
   500K .......... .......... .......... .......... .......... 33%  190K 6s
   550K .......... .......... .......... .......... .......... 36% 42.7M 5s
   600K .......... .......... .......... .......... .......... 40% 5.92M 4s
   650K .......... .......... .......... .......... .......... 43% 96.7K 5s
   700K .......... .......... .......... .......... .......... 46% 42.7M 4s
   750K .......... .......... .......... .......... .......... 49% 5.83M 4s
   800K .......... .......... .......... .......... .......... 52%  190K 3s
   850K .......... .......... .......... .......... .......... 55%  193K 3s
   900K .......... .......... .......... .......... .......... 58%  195K 3s
   950K .......... .......... .......... .......... .......... 61% 4.61M 3s
  1000K .......... .......... .......... .......... .......... 64%  191K 2s
  1050K .......... .......... .......... .......... .......... 67%  193K 2s
  1100K .......... .......... .......... .......... .......... 70%  195K 2s
  1150K .......... .......... .......... .......... .......... 73% 3.84M 2s
  1200K .......... .......... .......... .......... .......... 76%  190K 2s
  1250K .......... .......... .......... .......... .......... 80%  195K 1s
  1300K .......... .......... .......... .......... .......... 83% 6.55M 1s
  1350K .......... .......... .......... .......... .......... 86%  192K 1s
  1400K .......... .......... .......... .......... .......... 89% 97.0K 1s
  1450K .......... .......... .......... .......... .......... 92% 42.0M 1s
  1500K .......... .......... .......... .......... .......... 95%  189K 0s
  1550K .......... .......... .......... .......... .......... 98%  191K 0s
  1600K .......... .......... ....                            100% 2.59M=6.8s

2022-11-24 01:43:24 (237 KB/s) - ‘GCF_000008865.2_ASM886v2_genomic.fna.gz’ saved [1663694/1663694]

