--2022-11-24 01:42:11--  https://ftp.ncbi.nlm.nih.gov/genomes/all/GCF/008/632/635/GCF_008632635.1_ASM863263v1/GCF_008632635.1_ASM863263v1_genomic.fna.gz
Resolving ftp.ncbi.nlm.nih.gov (ftp.ncbi.nlm.nih.gov)... 130.14.250.12, 130.14.250.13, 2607:f220:41f:250::230, ...
Connecting to ftp.ncbi.nlm.nih.gov (ftp.ncbi.nlm.nih.gov)|130.14.250.12|:443... connected.
HTTP request sent, awaiting response... 200 OK
Length: 1177407 (1.1M) [application/x-gzip]
Saving to: ‘GCF_008632635.1_ASM863263v1_genomic.fna.gz’

     0K .......... .......... .......... .......... ..........  4% 93.8K 12s
    50K .......... .......... .......... .......... ..........  8%  188K 8s
   100K .......... .......... .......... .......... .......... 13% 21.2M 5s
   150K .......... .......... .......... .......... .......... 17% 93.9K 6s
   200K .......... .......... .......... .......... .......... 21% 40.1M 5s
   250K .......... .......... .......... .......... .......... 26% 94.6K 5s
   300K .......... .......... .......... .......... .......... 30% 13.2M 4s
   350K .......... .......... .......... .......... .......... 34% 94.6K 4s
   400K .......... .......... .......... .......... .......... 39%  188K 4s
   450K .......... .......... .......... .......... .......... 43% 40.1M 3s
   500K .......... .......... .......... .......... .......... 47%  188K 3s
   550K .......... .......... .......... .......... .......... 52%  187K 3s
   600K .......... .......... .......... .......... .......... 56%  181K 3s
   650K .......... .......... .......... .......... .......... 60%  187K 2s
   700K .......... .......... .......... .......... .......... 65%  188K 2s
   750K .......... .......... .......... .......... .......... 69%  187K 2s
   800K .......... .......... .......... .......... .......... 73%  187K 2s
   850K .......... .......... .......... .......... .......... 78%  188K 1s
   900K .......... .......... .......... .......... .......... 82%  189K 1s
   950K .......... .......... .......... .......... .......... 86%  196K 1s
  1000K .......... .......... .......... .......... .......... 91% 3.26M 1s
  1050K .......... .......... .......... .......... .......... 95%  189K 0s
  1100K .......... .......... .......... .......... ......... 100% 18.2M=5.6s

2022-11-24 01:42:18 (205 KB/s) - ‘GCF_008632635.1_ASM863263v1_genomic.fna.gz’ saved [1177407/1177407]

