--2022-11-24 01:42:03--  https://ftp.ncbi.nlm.nih.gov/genomes/all/GCF/023/702/375/GCF_023702375.1_ASM2370237v1/GCF_023702375.1_ASM2370237v1_genomic.fna.gz
Resolving ftp.ncbi.nlm.nih.gov (ftp.ncbi.nlm.nih.gov)... 130.14.250.12, 130.14.250.13, 2607:f220:41f:250::230, ...
Connecting to ftp.ncbi.nlm.nih.gov (ftp.ncbi.nlm.nih.gov)|130.14.250.12|:443... connected.
HTTP request sent, awaiting response... 200 OK
Length: 1518241 (1.4M) [application/x-gzip]
Saving to: ‘GCF_023702375.1_ASM2370237v1_genomic.fna.gz’

     0K .......... .......... .......... .......... ..........  3% 97.6K 15s
    50K .......... .......... .......... .......... ..........  6%  197K 11s
   100K .......... .......... .......... .......... .......... 10% 17.5M 7s
   150K .......... .......... .......... .......... .......... 13% 97.8K 8s
   200K .......... .......... .......... .......... .......... 16% 37.5M 6s
   250K .......... .......... .......... .......... .......... 20%  195K 6s
   300K .......... .......... .......... .......... .......... 23%  199K 6s
   350K .......... .......... .......... .......... .......... 26% 10.4M 5s
   400K .......... .......... .......... .......... .......... 30%  199K 5s
   450K .......... .......... .......... .......... .......... 33%  169K 5s
   500K .......... .......... .......... .......... .......... 37%  229K 4s
   550K .......... .......... .......... .......... .......... 40%  195K 4s
   600K .......... .......... .......... .......... .......... 43% 35.6M 4s
   650K .......... .......... .......... .......... .......... 47%  197K 3s
   700K .......... .......... .......... .......... .......... 50%  196K 3s
   750K .......... .......... .......... .......... .......... 53%  196K 3s
   800K .......... .......... .......... .......... .......... 57%  193K 3s
   850K .......... .......... .......... .......... .......... 60%  197K 3s
   900K .......... .......... .......... .......... .......... 64%  198K 2s
   950K .......... .......... .......... .......... .......... 67% 1.26M 2s
  1000K .......... .......... .......... .......... .......... 70%  218K 2s
  1050K .......... .......... .......... .......... .......... 74%  200K 2s
  1100K .......... .......... .......... .......... .......... 77%  205K 1s
  1150K .......... .......... .......... .......... .......... 80% 3.13M 1s
  1200K .......... .......... .......... .......... .......... 84%  199K 1s
  1250K .......... .......... .......... .......... .......... 87% 99.5K 1s
  1300K .......... .......... .......... .......... .......... 91% 7.81M 1s
  1350K .......... .......... .......... .......... .......... 94%  195K 0s
  1400K .......... .......... .......... .......... .......... 97% 8.82M 0s
  1450K .......... .......... .......... ..                   100%  131K=6.4s

2022-11-24 01:42:11 (232 KB/s) - ‘GCF_023702375.1_ASM2370237v1_genomic.fna.gz’ saved [1518241/1518241]

