--2022-11-24 01:42:47--  https://ftp.ncbi.nlm.nih.gov/genomes/all/GCF/003/516/165/GCF_003516165.1_ASM351616v1/GCF_003516165.1_ASM351616v1_genomic.fna.gz
Resolving ftp.ncbi.nlm.nih.gov (ftp.ncbi.nlm.nih.gov)... 130.14.250.12, 130.14.250.13, 2607:f220:41f:250::230, ...
Connecting to ftp.ncbi.nlm.nih.gov (ftp.ncbi.nlm.nih.gov)|130.14.250.12|:443... connected.
HTTP request sent, awaiting response... 200 OK
Length: 1532087 (1.5M) [application/x-gzip]
Saving to: ‘GCF_003516165.1_ASM351616v1_genomic.fna.gz’

     0K .......... .......... .......... .......... ..........  3% 94.8K 15s
    50K .......... .......... .......... .......... ..........  6%  190K 11s
   100K .......... .......... .......... .......... .......... 10% 36.1M 7s
   150K .......... .......... .......... .......... .......... 13% 95.2K 9s
   200K .......... .......... .......... .......... .......... 16% 34.7M 7s
   250K .......... .......... .......... .......... .......... 20%  190K 6s
   300K .......... .......... .......... .......... .......... 23% 37.9K 9s
   350K .......... .......... .......... .......... .......... 26% 45.8M 8s
   400K .......... .......... .......... .......... .......... 30% 39.6M 7s
   450K .......... .......... .......... .......... .......... 33% 45.0M 6s
   500K .......... .......... .......... .......... .......... 36% 45.9M 5s
   550K .......... .......... .......... .......... .......... 40%  193K 5s
   600K .......... .......... .......... .......... .......... 43% 94.8K 5s
   650K .......... .......... .......... .......... .......... 46% 39.2M 4s
   700K .......... .......... .......... .......... .......... 50% 46.7M 4s
   750K .......... .......... .......... .......... .......... 53% 95.8K 4s
   800K .......... .......... .......... .......... .......... 56% 21.7M 3s
   850K .......... .......... .......... .......... .......... 60% 41.5M 3s
   900K .......... .......... .......... .......... .......... 63% 95.8K 3s
   950K .......... .......... .......... .......... .......... 66% 44.1M 2s
  1000K .......... .......... .......... .......... .......... 70%  191K 2s
  1050K .......... .......... .......... .......... .......... 73% 20.1M 2s
  1100K .......... .......... .......... .......... .......... 76%  192K 2s
  1150K .......... .......... .......... .......... .......... 80% 10.5M 1s
  1200K .......... .......... .......... .......... .......... 83%  190K 1s
  1250K .......... .......... .......... .......... .......... 86%  191K 1s
  1300K .......... .......... .......... .......... .......... 90%  192K 1s
  1350K .......... .......... .......... .......... .......... 93% 8.52M 0s
  1400K .......... .......... .......... .......... .......... 96%  191K 0s
  1450K .......... .......... .......... .......... ......    100%  181K=6.6s

2022-11-24 01:42:55 (227 KB/s) - ‘GCF_003516165.1_ASM351616v1_genomic.fna.gz’ saved [1532087/1532087]

