--2022-11-22 00:12:37--  https://ftp.ncbi.nlm.nih.gov/genomes/all/GCF/000/008/865/GCF_000008865.2_ASM886v2/GCF_000008865.2_ASM886v2_genomic.fna.gz
Resolving ftp.ncbi.nlm.nih.gov (ftp.ncbi.nlm.nih.gov)... 165.112.9.229, 165.112.9.228, 2607:f220:41e:250::12, ...
Connecting to ftp.ncbi.nlm.nih.gov (ftp.ncbi.nlm.nih.gov)|165.112.9.229|:443... connected.
HTTP request sent, awaiting response... 200 OK
Length: 1663694 (1.6M) [application/x-gzip]
Saving to: ‘GCF_000008865.2_ASM886v2_genomic.fna.gz’

     0K .......... .......... .......... .......... ..........  3% 98.2K 16s
    50K .......... .......... .......... .......... ..........  6%  197K 12s
   100K .......... .......... .......... .......... ..........  9% 22.6M 8s
   150K .......... .......... .......... .......... .......... 12% 65.7K 11s
   200K .......... .......... .......... .......... .......... 15% 88.5M 8s
   250K .......... .......... .......... .......... .......... 18%  119M 7s
   300K .......... .......... .......... .......... .......... 21%  199K 6s
   350K .......... .......... .......... .......... .......... 24% 66.3M 5s
   400K .......... .......... .......... .......... .......... 27%  198K 5s
   450K .......... .......... .......... .......... .......... 30% 9.28M 5s
   500K .......... .......... .......... .......... .......... 33%  199K 4s
   550K .......... .......... .......... .......... .......... 36%  199K 4s
   600K .......... .......... .......... .......... .......... 40% 8.53M 4s
   650K .......... .......... .......... .......... .......... 43%  200K 4s
   700K .......... .......... .......... .......... .......... 46%  165K 4s
   750K .......... .......... .......... .......... .......... 49%  109M 3s
   800K .......... .......... .......... .......... .......... 52%  196K 3s
   850K .......... .......... .......... .......... .......... 55%  109K 3s
   900K .......... .......... .......... .......... .......... 58%  196K 3s
   950K .......... .......... .......... .......... .......... 61%  196K 3s
  1000K .......... .......... .......... .......... .......... 64%  195K 3s
  1050K .......... .......... .......... .......... .......... 67%  196K 2s
  1100K .......... .......... .......... .......... .......... 70%  199K 2s
  1150K .......... .......... .......... .......... .......... 73%  196K 2s
  1200K .......... .......... .......... .......... .......... 76%  197K 2s
  1250K .......... .......... .......... .......... .......... 80% 1.07M 1s
  1300K .......... .......... .......... .......... .......... 83%  231K 1s
  1350K .......... .......... .......... .......... .......... 86%  205K 1s
  1400K .......... .......... .......... .......... .......... 89% 1.12M 1s
  1450K .......... .......... .......... .......... .......... 92%  235K 1s
  1500K .......... .......... .......... .......... .......... 95%  169K 0s
  1550K .......... .......... .......... .......... .......... 98%  234K 0s
  1600K .......... .......... ....                            100% 46.5M=6.9s

2022-11-22 00:12:45 (237 KB/s) - ‘GCF_000008865.2_ASM886v2_genomic.fna.gz’ saved [1663694/1663694]

