--2022-11-22 00:22:21--  https://ftp.ncbi.nlm.nih.gov/genomes/all/GCF/000/005/845/GCF_000005845.2_ASM584v2/GCF_000005845.2_ASM584v2_genomic.fna.gz
Resolving ftp.ncbi.nlm.nih.gov (ftp.ncbi.nlm.nih.gov)... 130.14.250.7, 130.14.250.11, 2607:f220:41f:250::229, ...
Connecting to ftp.ncbi.nlm.nih.gov (ftp.ncbi.nlm.nih.gov)|130.14.250.7|:443... connected.
HTTP request sent, awaiting response... 200 OK
Length: 1379902 (1.3M) [application/x-gzip]
Saving to: ‘GCF_000005845.2_ASM584v2_genomic.fna.gz’

     0K .......... .......... .......... .......... ..........  3% 98.8K 13s
    50K .......... .......... .......... .......... ..........  7%  199K 9s
   100K .......... .......... .......... .......... .......... 11% 48.0K 14s
   150K .......... .......... .......... .......... .......... 14%  115M 10s
   200K .......... .......... .......... .......... .......... 18%  220K 9s
   250K .......... .......... .......... .......... .......... 22% 99.0K 9s
   300K .......... .......... .......... .......... .......... 25%  198K 8s
   350K .......... .......... .......... .......... .......... 29% 99.2K 8s
   400K .......... .......... .......... .......... .......... 33%  197K 7s
   450K .......... .......... .......... .......... .......... 37% 29.1M 6s
   500K .......... .......... .......... .......... .......... 40% 30.8M 5s
   550K .......... .......... .......... .......... .......... 44% 99.6K 5s
   600K .......... .......... .......... .......... .......... 48%  196K 5s
   650K .......... .......... .......... .......... .......... 51% 39.1M 4s
   700K .......... .......... .......... .......... .......... 55%  198K 4s
   750K .......... .......... .......... .......... .......... 59%  198K 3s
   800K .......... .......... .......... .......... .......... 63% 98.3K 3s
   850K .......... .......... .......... .......... .......... 66%  197K 3s
   900K .......... .......... .......... .......... .......... 70% 99.9K 3s
   950K .......... .......... .......... .......... .......... 74%  193K 2s
  1000K .......... .......... .......... .......... .......... 77%  196K 2s
  1050K .......... .......... .......... .......... .......... 81% 99.9K 2s
  1100K .......... .......... .......... .......... .......... 85%  197K 1s
  1150K .......... .......... .......... .......... .......... 89%  196K 1s
  1200K .......... .......... .......... .......... .......... 92%  195K 1s
  1250K .......... .......... .......... .......... .......... 96%  202K 0s
  1300K .......... .......... .......... .......... .......   100% 66.4K=8.8s

2022-11-22 00:22:31 (153 KB/s) - ‘GCF_000005845.2_ASM584v2_genomic.fna.gz’ saved [1379902/1379902]

