--2022-11-22 00:30:55--  https://ftp.ncbi.nlm.nih.gov/genomes/all/GCF/000/008/865/GCF_000008865.2_ASM886v2/GCF_000008865.2_ASM886v2_genomic.fna.gz
Resolving ftp.ncbi.nlm.nih.gov (ftp.ncbi.nlm.nih.gov)... 130.14.250.11, 130.14.250.7, 2607:f220:41f:250::228, ...
Connecting to ftp.ncbi.nlm.nih.gov (ftp.ncbi.nlm.nih.gov)|130.14.250.11|:443... connected.
HTTP request sent, awaiting response... 200 OK
Length: 1663694 (1.6M) [application/x-gzip]
Saving to: ‘GCF_000008865.2_ASM886v2_genomic.fna.gz’

     0K .......... .......... .......... .......... ..........  3% 97.6K 16s
    50K .......... .......... .......... .......... ..........  6%  196K 12s
   100K .......... .......... .......... .......... ..........  9% 98.1K 13s
   150K .......... .......... .......... .......... .......... 12% 15.9M 9s
   200K .......... .......... .......... .......... .......... 15% 39.0M 7s
   250K .......... .......... .......... .......... .......... 18%  198K 7s
   300K .......... .......... .......... .......... .......... 21% 98.1K 7s
   350K .......... .......... .......... .......... .......... 24% 46.6M 6s
   400K .......... .......... .......... .......... .......... 27%  194K 6s
   450K .......... .......... .......... .......... .......... 30%  196K 6s
   500K .......... .......... .......... .......... .......... 33%  195K 5s
   550K .......... .......... .......... .......... .......... 36%  195K 5s
   600K .......... .......... .......... .......... .......... 40%  196K 5s
   650K .......... .......... .......... .......... .......... 43%  195K 5s
   700K .......... .......... .......... .......... .......... 46%  195K 4s
   750K .......... .......... .......... .......... .......... 49%  196K 4s
   800K .......... .......... .......... .......... .......... 52% 49.3K 5s
   850K .......... .......... .......... .......... .......... 55%  196K 4s
   900K .......... .......... .......... .......... .......... 58%  189K 4s
   950K .......... .......... .......... .......... .......... 61% 99.3K 4s
  1000K .......... .......... .......... .......... .......... 64%  194K 3s
  1050K .......... .......... .......... .......... .......... 67% 98.0K 3s
  1100K .......... .......... .......... .......... .......... 70%  164K 3s
  1150K .......... .......... .......... .......... .......... 73%  107K 3s
  1200K .......... .......... .......... .......... .......... 76% 65.8K 3s
  1250K .......... .......... .......... .......... .......... 80%  192K 2s
  1300K .......... .......... .......... .......... .......... 83%  194K 2s
  1350K .......... .......... .......... .......... .......... 86%  196K 1s
  1400K .......... .......... .......... .......... .......... 89%  196K 1s
  1450K .......... .......... .......... .......... .......... 92%  198K 1s
  1500K .......... .......... .......... .......... .......... 95% 98.0K 0s
  1550K .......... .......... .......... .......... .......... 98% 49.2M 0s
  1600K .......... .......... ....                            100% 24.4K=11s

2022-11-22 00:31:08 (145 KB/s) - ‘GCF_000008865.2_ASM886v2_genomic.fna.gz’ saved [1663694/1663694]

