--2022-11-22 00:30:43--  https://ftp.ncbi.nlm.nih.gov/genomes/all/GCF/000/005/845/GCF_000005845.2_ASM584v2/GCF_000005845.2_ASM584v2_genomic.fna.gz
Resolving ftp.ncbi.nlm.nih.gov (ftp.ncbi.nlm.nih.gov)... 130.14.250.7, 130.14.250.11, 2607:f220:41e:250::7, ...
Connecting to ftp.ncbi.nlm.nih.gov (ftp.ncbi.nlm.nih.gov)|130.14.250.7|:443... connected.
HTTP request sent, awaiting response... 200 OK
Length: 1379902 (1.3M) [application/x-gzip]
Saving to: ‘GCF_000005845.2_ASM584v2_genomic.fna.gz’

     0K .......... .......... .......... .......... ..........  3% 95.0K 14s
    50K .......... .......... .......... .......... ..........  7%  191K 10s
   100K .......... .......... .......... .......... .......... 11% 63.2K 13s
   150K .......... .......... .......... .......... .......... 14% 51.6M 9s
   200K .......... .......... .......... .......... .......... 18% 63.5K 10s
   250K .......... .......... .......... .......... .......... 22% 1.09M 8s
   300K .......... .......... .......... .......... .......... 25% 49.7K 10s
   350K .......... .......... .......... .......... .......... 29% 43.0M 8s
   400K .......... .......... .......... .......... .......... 33% 1.04M 7s
   450K .......... .......... .......... .......... .......... 37% 67.5K 7s
   500K .......... .......... .......... .......... .......... 40%  189K 6s
   550K .......... .......... .......... .......... .......... 44% 95.4K 6s
   600K .......... .......... .......... .......... .......... 48%  160K 6s
   650K .......... .......... .......... .......... .......... 51%  104K 5s
   700K .......... .......... .......... .......... .......... 55% 95.4K 5s
   750K .......... .......... .......... .......... .......... 59%  188K 5s
   800K .......... .......... .......... .......... .......... 63% 94.9K 4s
   850K .......... .......... .......... .......... .......... 66%  190K 4s
   900K .......... .......... .......... .......... .......... 70% 88.4K 3s
   950K .......... .......... .......... .......... .......... 74%  104K 3s
  1000K .......... .......... .......... .......... .......... 77%  192K 2s
  1050K .......... .......... .......... .......... .......... 81%  181K 2s
  1100K .......... .......... .......... .......... .......... 85% 97.1K 2s
  1150K .......... .......... .......... .......... .......... 89%  186K 1s
  1200K .......... .......... .......... .......... .......... 92% 96.5K 1s
  1250K .......... .......... .......... .......... .......... 96%  190K 0s
  1300K .......... .......... .......... .......... .......   100%  157K=11s

2022-11-22 00:30:55 (125 KB/s) - ‘GCF_000005845.2_ASM584v2_genomic.fna.gz’ saved [1379902/1379902]

